GDTUnionDemo1/app/build/outputs/logs/manifest-merger-debug-report.txt
-- Merging decision tree log ---
manifest
ADDED from src/main/AndroidManifest.xml:2:1-95:12
	package
		ADDED from src/main/AndroidManifest.xml:3:5-34
		INJECTED from src/main/AndroidManifest.xml
		INJECTED from src/main/AndroidManifest.xml
	android:versionName
		ADDED from src/main/AndroidManifest.xml:5:5-30
		INJECTED from src/main/AndroidManifest.xml
		INJECTED from src/main/AndroidManifest.xml
	android:versionCode
		ADDED from src/main/AndroidManifest.xml:4:5-28
		INJECTED from src/main/AndroidManifest.xml
		INJECTED from src/main/AndroidManifest.xml
	xmlns:android
		ADDED from src/main/AndroidManifest.xml:2:11-69
uses-permission#android.permission.INTERNET
ADDED from src/main/AndroidManifest.xml:8:5-67
	android:name
		ADDED from src/main/AndroidManifest.xml:8:22-64
uses-permission#android.permission.ACCESS_NETWORK_STATE
ADDED from src/main/AndroidManifest.xml:9:5-79
	android:name
		ADDED from src/main/AndroidManifest.xml:9:22-76
uses-permission#android.permission.ACCESS_WIFI_STATE
ADDED from src/main/AndroidManifest.xml:10:5-76
	android:name
		ADDED from src/main/AndroidManifest.xml:10:22-73
uses-permission#android.permission.READ_PHONE_STATE
ADDED from src/main/AndroidManifest.xml:11:5-75
	android:name
		ADDED from src/main/AndroidManifest.xml:11:22-72
uses-permission#android.permission.ACCESS_COARSE_LOCATION
ADDED from src/main/AndroidManifest.xml:12:5-81
	android:name
		ADDED from src/main/AndroidManifest.xml:12:22-78
uses-permission#android.permission.ACCESS_FINE_LOCATION
ADDED from src/main/AndroidManifest.xml:13:5-79
	android:name
		ADDED from src/main/AndroidManifest.xml:13:22-76
uses-permission#android.permission.WRITE_EXTERNAL_STORAGE
ADDED from src/main/AndroidManifest.xml:14:5-81
	android:name
		ADDED from src/main/AndroidManifest.xml:14:22-78
uses-sdk
ADDED from src/main/AndroidManifest.xml:16:5-18:41
MERGED from [com.android.support:support-v4:22.2.1] AndroidManifest.xml:20:5-43
	android:targetSdkVersion
		ADDED from src/main/AndroidManifest.xml:18:9-38
		INJECTED from src/main/AndroidManifest.xml
		INJECTED from src/main/AndroidManifest.xml
	android:minSdkVersion
		ADDED from src/main/AndroidManifest.xml:17:9-34
		INJECTED from src/main/AndroidManifest.xml
		INJECTED from src/main/AndroidManifest.xml
application
ADDED from src/main/AndroidManifest.xml:20:5-93:19
MERGED from [com.android.support:support-v4:22.2.1] AndroidManifest.xml:22:5-20
	android:label
		ADDED from src/main/AndroidManifest.xml:23:9-41
	android:allowBackup
		ADDED from src/main/AndroidManifest.xml:21:9-35
	android:icon
		ADDED from src/main/AndroidManifest.xml:22:9-41
	android:theme
		ADDED from src/main/AndroidManifest.xml:24:9-40
service#com.qq.e.comm.DownloadService
ADDED from src/main/AndroidManifest.xml:27:9-29:39
	android:exported
		ADDED from src/main/AndroidManifest.xml:29:13-37
	android:name
		ADDED from src/main/AndroidManifest.xml:28:13-57
activity#com.qq.e.ads.ADActivity
ADDED from src/main/AndroidManifest.xml:31:9-33:85
	android:configChanges
		ADDED from src/main/AndroidManifest.xml:33:13-83
	android:name
		ADDED from src/main/AndroidManifest.xml:32:13-51
activity#com.qq.e.union.demo.DemoListActivity
ADDED from src/main/AndroidManifest.xml:36:9-40:46
	android:screenOrientation
		ADDED from src/main/AndroidManifest.xml:39:13-49
	android:label
		ADDED from src/main/AndroidManifest.xml:38:13-60
	android:launchMode
		ADDED from src/main/AndroidManifest.xml:40:13-44
	android:name
		ADDED from src/main/AndroidManifest.xml:37:13-45
activity#com.qq.e.union.demo.SplashActivity
ADDED from src/main/AndroidManifest.xml:41:9-50:20
	android:screenOrientation
		ADDED from src/main/AndroidManifest.xml:43:13-49
	android:theme
		ADDED from src/main/AndroidManifest.xml:44:13-71
	android:name
		ADDED from src/main/AndroidManifest.xml:42:13-43
intent-filter#android.intent.action.MAIN+android.intent.category.LAUNCHER
ADDED from src/main/AndroidManifest.xml:45:13-49:29
action#android.intent.action.MAIN
ADDED from src/main/AndroidManifest.xml:46:17-69
	android:name
		ADDED from src/main/AndroidManifest.xml:46:25-66
category#android.intent.category.LAUNCHER
ADDED from src/main/AndroidManifest.xml:48:17-77
	android:name
		ADDED from src/main/AndroidManifest.xml:48:27-74
activity#com.qq.e.union.demo.BannerActivity
ADDED from src/main/AndroidManifest.xml:51:9-53:60
	android:label
		ADDED from src/main/AndroidManifest.xml:53:13-58
	android:name
		ADDED from src/main/AndroidManifest.xml:52:13-43
activity#com.qq.e.union.demo.InterstitialADActivity
ADDED from src/main/AndroidManifest.xml:54:9-56:69
	android:label
		ADDED from src/main/AndroidManifest.xml:56:13-67
	android:name
		ADDED from src/main/AndroidManifest.xml:55:13-51
activity#com.qq.e.union.demo.NativeADActivity
ADDED from src/main/AndroidManifest.xml:57:9-60:51
	android:screenOrientation
		ADDED from src/main/AndroidManifest.xml:60:13-49
	android:label
		ADDED from src/main/AndroidManifest.xml:59:13-51
	android:name
		ADDED from src/main/AndroidManifest.xml:58:13-45
activity#com.qq.e.union.demo.MultiProcessNativeADActivity
ADDED from src/main/AndroidManifest.xml:61:9-66:20
	android:process
		ADDED from src/main/AndroidManifest.xml:64:13-40
	android:screenOrientation
		ADDED from src/main/AndroidManifest.xml:65:13-49
	android:label
		ADDED from src/main/AndroidManifest.xml:63:13-51
	android:name
		ADDED from src/main/AndroidManifest.xml:62:13-57
activity#com.qq.e.union.demo.NativeVideoListDemoActivity
ADDED from src/main/AndroidManifest.xml:67:9-70:51
	android:screenOrientation
		ADDED from src/main/AndroidManifest.xml:70:13-49
	android:label
		ADDED from src/main/AndroidManifest.xml:69:13-70
	android:name
		ADDED from src/main/AndroidManifest.xml:68:13-56
activity#com.qq.e.union.demo.NativeVideoDemoActivity
ADDED from src/main/AndroidManifest.xml:71:9-74:51
	android:screenOrientation
		ADDED from src/main/AndroidManifest.xml:74:13-49
	android:label
		ADDED from src/main/AndroidManifest.xml:73:13-69
	android:name
		ADDED from src/main/AndroidManifest.xml:72:13-52
activity#com.qq.e.union.demo.NativeVideoADActivity
ADDED from src/main/AndroidManifest.xml:75:9-78:51
	android:screenOrientation
		ADDED from src/main/AndroidManifest.xml:78:13-49
	android:label
		ADDED from src/main/AndroidManifest.xml:77:13-67
	android:name
		ADDED from src/main/AndroidManifest.xml:76:13-50
activity#com.qq.e.union.demo.NativeVideoRecyclerViewActivity
ADDED from src/main/AndroidManifest.xml:79:9-82:51
	android:screenOrientation
		ADDED from src/main/AndroidManifest.xml:82:13-49
	android:label
		ADDED from src/main/AndroidManifest.xml:81:13-78
	android:name
		ADDED from src/main/AndroidManifest.xml:80:13-60
activity#com.qq.e.union.demo.NativeVideoScrollViewActivity
ADDED from src/main/AndroidManifest.xml:83:9-87:51
	android:screenOrientation
		ADDED from src/main/AndroidManifest.xml:87:13-49
	android:label
		ADDED from src/main/AndroidManifest.xml:85:13-76
	android:theme
		ADDED from src/main/AndroidManifest.xml:86:13-60
	android:name
		ADDED from src/main/AndroidManifest.xml:84:13-58
activity#com.qq.e.union.demo.NativeVideoPreMovieActivity
ADDED from src/main/AndroidManifest.xml:88:9-92:85
	android:label
		ADDED from src/main/AndroidManifest.xml:90:13-74
	android:configChanges
		ADDED from src/main/AndroidManifest.xml:92:13-83
	android:theme
		ADDED from src/main/AndroidManifest.xml:91:13-60
	android:name
		ADDED from src/main/AndroidManifest.xml:89:13-56